/home/maxcurkovic/cmds_ws/src/carleton-mail-delivery-robot/install/mail_delivery_robot/lib/python3.8/site-packages/control/__init__.py
/home/maxcurkovic/cmds_ws/src/carleton-mail-delivery-robot/install/mail_delivery_robot/lib/python3.8/site-packages/control/robot_driver.py
/home/maxcurkovic/cmds_ws/src/carleton-mail-delivery-robot/install/mail_delivery_robot/lib/python3.8/site-packages/control/state_machine.py
/home/maxcurkovic/cmds_ws/src/carleton-mail-delivery-robot/install/mail_delivery_robot/lib/python3.8/site-packages/perceptions/__init__.py
/home/maxcurkovic/cmds_ws/src/carleton-mail-delivery-robot/install/mail_delivery_robot/lib/python3.8/site-packages/perceptions/lidar_sensor.py
/home/maxcurkovic/cmds_ws/src/carleton-mail-delivery-robot/install/mail_delivery_robot/lib/python3.8/site-packages/control/action_translator.py
/home/maxcurkovic/cmds_ws/src/carleton-mail-delivery-robot/install/mail_delivery_robot/lib/python3.8/site-packages/perceptions/beacon_sensor.py
/home/maxcurkovic/cmds_ws/src/carleton-mail-delivery-robot/install/mail_delivery_robot/lib/python3.8/site-packages/navigation/__init__.py
/home/maxcurkovic/cmds_ws/src/carleton-mail-delivery-robot/install/mail_delivery_robot/lib/python3.8/site-packages/navigation/captain.py
/home/maxcurkovic/cmds_ws/src/carleton-mail-delivery-robot/install/mail_delivery_robot/lib/python3.8/site-packages/perceptions/bumper_sensor.py
/home/maxcurkovic/cmds_ws/src/carleton-mail-delivery-robot/install/mail_delivery_robot/lib/python3.8/site-packages/tools/__init__.py
/home/maxcurkovic/cmds_ws/src/carleton-mail-delivery-robot/install/mail_delivery_robot/lib/python3.8/site-packages/tools/csv_parser.py
/home/maxcurkovic/cmds_ws/src/carleton-mail-delivery-robot/install/mail_delivery_robot/lib/python3.8/site-packages/tools/nav_parser.py
/home/maxcurkovic/cmds_ws/src/carleton-mail-delivery-robot/install/mail_delivery_robot/lib/python3.8/site-packages/mail_delivery_robot/__init__.py
/home/maxcurkovic/cmds_ws/src/carleton-mail-delivery-robot/install/mail_delivery_robot/lib/python3.8/site-packages/control/__pycache__/__init__.cpython-38.pyc
/home/maxcurkovic/cmds_ws/src/carleton-mail-delivery-robot/install/mail_delivery_robot/lib/python3.8/site-packages/control/__pycache__/robot_driver.cpython-38.pyc
/home/maxcurkovic/cmds_ws/src/carleton-mail-delivery-robot/install/mail_delivery_robot/lib/python3.8/site-packages/control/__pycache__/state_machine.cpython-38.pyc
/home/maxcurkovic/cmds_ws/src/carleton-mail-delivery-robot/install/mail_delivery_robot/lib/python3.8/site-packages/perceptions/__pycache__/__init__.cpython-38.pyc
/home/maxcurkovic/cmds_ws/src/carleton-mail-delivery-robot/install/mail_delivery_robot/lib/python3.8/site-packages/perceptions/__pycache__/lidar_sensor.cpython-38.pyc
/home/maxcurkovic/cmds_ws/src/carleton-mail-delivery-robot/install/mail_delivery_robot/lib/python3.8/site-packages/control/__pycache__/action_translator.cpython-38.pyc
/home/maxcurkovic/cmds_ws/src/carleton-mail-delivery-robot/install/mail_delivery_robot/lib/python3.8/site-packages/perceptions/__pycache__/beacon_sensor.cpython-38.pyc
/home/maxcurkovic/cmds_ws/src/carleton-mail-delivery-robot/install/mail_delivery_robot/lib/python3.8/site-packages/navigation/__pycache__/__init__.cpython-38.pyc
/home/maxcurkovic/cmds_ws/src/carleton-mail-delivery-robot/install/mail_delivery_robot/lib/python3.8/site-packages/navigation/__pycache__/captain.cpython-38.pyc
/home/maxcurkovic/cmds_ws/src/carleton-mail-delivery-robot/install/mail_delivery_robot/lib/python3.8/site-packages/perceptions/__pycache__/bumper_sensor.cpython-38.pyc
/home/maxcurkovic/cmds_ws/src/carleton-mail-delivery-robot/install/mail_delivery_robot/lib/python3.8/site-packages/tools/__pycache__/__init__.cpython-38.pyc
/home/maxcurkovic/cmds_ws/src/carleton-mail-delivery-robot/install/mail_delivery_robot/lib/python3.8/site-packages/tools/__pycache__/csv_parser.cpython-38.pyc
/home/maxcurkovic/cmds_ws/src/carleton-mail-delivery-robot/install/mail_delivery_robot/lib/python3.8/site-packages/tools/__pycache__/nav_parser.cpython-38.pyc
/home/maxcurkovic/cmds_ws/src/carleton-mail-delivery-robot/install/mail_delivery_robot/lib/python3.8/site-packages/mail_delivery_robot/__pycache__/__init__.cpython-38.pyc
/home/maxcurkovic/cmds_ws/src/carleton-mail-delivery-robot/install/mail_delivery_robot/lib/mail_delivery_robot/config/map.csv
/home/maxcurkovic/cmds_ws/src/carleton-mail-delivery-robot/install/mail_delivery_robot/lib/mail_delivery_robot/config/beacon_connections.csv
/home/maxcurkovic/cmds_ws/src/carleton-mail-delivery-robot/install/mail_delivery_robot/lib/mail_delivery_robot/config/config.csv
/home/maxcurkovic/cmds_ws/src/carleton-mail-delivery-robot/install/mail_delivery_robot/lib/mail_delivery_robot/config/beacons.csv
/home/maxcurkovic/cmds_ws/src/carleton-mail-delivery-robot/install/mail_delivery_robot/share/ament_index/resource_index/packages/mail_delivery_robot
/home/maxcurkovic/cmds_ws/src/carleton-mail-delivery-robot/install/mail_delivery_robot/share/mail_delivery_robot/package.xml
/home/maxcurkovic/cmds_ws/src/carleton-mail-delivery-robot/install/mail_delivery_robot/share/mail_delivery_robot/launch/robot.launch.py
/home/maxcurkovic/cmds_ws/src/carleton-mail-delivery-robot/install/mail_delivery_robot/lib/python3.8/site-packages/mail_delivery_robot-0.0.0-py3.8.egg-info/PKG-INFO
/home/maxcurkovic/cmds_ws/src/carleton-mail-delivery-robot/install/mail_delivery_robot/lib/python3.8/site-packages/mail_delivery_robot-0.0.0-py3.8.egg-info/top_level.txt
/home/maxcurkovic/cmds_ws/src/carleton-mail-delivery-robot/install/mail_delivery_robot/lib/python3.8/site-packages/mail_delivery_robot-0.0.0-py3.8.egg-info/entry_points.txt
/home/maxcurkovic/cmds_ws/src/carleton-mail-delivery-robot/install/mail_delivery_robot/lib/python3.8/site-packages/mail_delivery_robot-0.0.0-py3.8.egg-info/dependency_links.txt
/home/maxcurkovic/cmds_ws/src/carleton-mail-delivery-robot/install/mail_delivery_robot/lib/python3.8/site-packages/mail_delivery_robot-0.0.0-py3.8.egg-info/requires.txt
/home/maxcurkovic/cmds_ws/src/carleton-mail-delivery-robot/install/mail_delivery_robot/lib/python3.8/site-packages/mail_delivery_robot-0.0.0-py3.8.egg-info/SOURCES.txt
/home/maxcurkovic/cmds_ws/src/carleton-mail-delivery-robot/install/mail_delivery_robot/lib/python3.8/site-packages/mail_delivery_robot-0.0.0-py3.8.egg-info/zip-safe
/home/maxcurkovic/cmds_ws/src/carleton-mail-delivery-robot/install/mail_delivery_robot/lib/mail_delivery_robot/action_translator
/home/maxcurkovic/cmds_ws/src/carleton-mail-delivery-robot/install/mail_delivery_robot/lib/mail_delivery_robot/beacon_sensor
/home/maxcurkovic/cmds_ws/src/carleton-mail-delivery-robot/install/mail_delivery_robot/lib/mail_delivery_robot/bumper_sensor
/home/maxcurkovic/cmds_ws/src/carleton-mail-delivery-robot/install/mail_delivery_robot/lib/mail_delivery_robot/captain
/home/maxcurkovic/cmds_ws/src/carleton-mail-delivery-robot/install/mail_delivery_robot/lib/mail_delivery_robot/lidar_sensor
/home/maxcurkovic/cmds_ws/src/carleton-mail-delivery-robot/install/mail_delivery_robot/lib/mail_delivery_robot/robot_driver
