running egg_info
creating ../build/mail_delivery_robot/mail_delivery_robot.egg-info
writing ../build/mail_delivery_robot/mail_delivery_robot.egg-info/PKG-INFO
writing dependency_links to ../build/mail_delivery_robot/mail_delivery_robot.egg-info/dependency_links.txt
writing entry points to ../build/mail_delivery_robot/mail_delivery_robot.egg-info/entry_points.txt
writing requirements to ../build/mail_delivery_robot/mail_delivery_robot.egg-info/requires.txt
writing top-level names to ../build/mail_delivery_robot/mail_delivery_robot.egg-info/top_level.txt
writing manifest file '../build/mail_delivery_robot/mail_delivery_robot.egg-info/SOURCES.txt'
reading manifest file '../build/mail_delivery_robot/mail_delivery_robot.egg-info/SOURCES.txt'
writing manifest file '../build/mail_delivery_robot/mail_delivery_robot.egg-info/SOURCES.txt'
running build
running build_py
creating /home/maxcurkovic/cmds_ws/src/carleton-mail-delivery-robot/build/mail_delivery_robot/build
creating /home/maxcurkovic/cmds_ws/src/carleton-mail-delivery-robot/build/mail_delivery_robot/build/lib
creating /home/maxcurkovic/cmds_ws/src/carleton-mail-delivery-robot/build/mail_delivery_robot/build/lib/control
copying control/__init__.py -> /home/maxcurkovic/cmds_ws/src/carleton-mail-delivery-robot/build/mail_delivery_robot/build/lib/control
copying control/robot_driver.py -> /home/maxcurkovic/cmds_ws/src/carleton-mail-delivery-robot/build/mail_delivery_robot/build/lib/control
copying control/state_machine.py -> /home/maxcurkovic/cmds_ws/src/carleton-mail-delivery-robot/build/mail_delivery_robot/build/lib/control
creating /home/maxcurkovic/cmds_ws/src/carleton-mail-delivery-robot/build/mail_delivery_robot/build/lib/perceptions
copying perceptions/__init__.py -> /home/maxcurkovic/cmds_ws/src/carleton-mail-delivery-robot/build/mail_delivery_robot/build/lib/perceptions
copying perceptions/lidar_sensor.py -> /home/maxcurkovic/cmds_ws/src/carleton-mail-delivery-robot/build/mail_delivery_robot/build/lib/perceptions
copying control/action_translator.py -> /home/maxcurkovic/cmds_ws/src/carleton-mail-delivery-robot/build/mail_delivery_robot/build/lib/control
copying perceptions/beacon_sensor.py -> /home/maxcurkovic/cmds_ws/src/carleton-mail-delivery-robot/build/mail_delivery_robot/build/lib/perceptions
creating /home/maxcurkovic/cmds_ws/src/carleton-mail-delivery-robot/build/mail_delivery_robot/build/lib/navigation
copying navigation/__init__.py -> /home/maxcurkovic/cmds_ws/src/carleton-mail-delivery-robot/build/mail_delivery_robot/build/lib/navigation
copying navigation/captain.py -> /home/maxcurkovic/cmds_ws/src/carleton-mail-delivery-robot/build/mail_delivery_robot/build/lib/navigation
copying perceptions/bumper_sensor.py -> /home/maxcurkovic/cmds_ws/src/carleton-mail-delivery-robot/build/mail_delivery_robot/build/lib/perceptions
creating /home/maxcurkovic/cmds_ws/src/carleton-mail-delivery-robot/build/mail_delivery_robot/build/lib/tools
copying tools/__init__.py -> /home/maxcurkovic/cmds_ws/src/carleton-mail-delivery-robot/build/mail_delivery_robot/build/lib/tools
copying tools/csv_parser.py -> /home/maxcurkovic/cmds_ws/src/carleton-mail-delivery-robot/build/mail_delivery_robot/build/lib/tools
copying tools/nav_parser.py -> /home/maxcurkovic/cmds_ws/src/carleton-mail-delivery-robot/build/mail_delivery_robot/build/lib/tools
creating /home/maxcurkovic/cmds_ws/src/carleton-mail-delivery-robot/build/mail_delivery_robot/build/lib/mail_delivery_robot
copying mail_delivery_robot/__init__.py -> /home/maxcurkovic/cmds_ws/src/carleton-mail-delivery-robot/build/mail_delivery_robot/build/lib/mail_delivery_robot
running install
running install_lib
creating /home/maxcurkovic/cmds_ws/src/carleton-mail-delivery-robot/install/mail_delivery_robot/lib/python3.8/site-packages/perceptions
copying /home/maxcurkovic/cmds_ws/src/carleton-mail-delivery-robot/build/mail_delivery_robot/build/lib/perceptions/lidar_sensor.py -> /home/maxcurkovic/cmds_ws/src/carleton-mail-delivery-robot/install/mail_delivery_robot/lib/python3.8/site-packages/perceptions
copying /home/maxcurkovic/cmds_ws/src/carleton-mail-delivery-robot/build/mail_delivery_robot/build/lib/perceptions/__init__.py -> /home/maxcurkovic/cmds_ws/src/carleton-mail-delivery-robot/install/mail_delivery_robot/lib/python3.8/site-packages/perceptions
copying /home/maxcurkovic/cmds_ws/src/carleton-mail-delivery-robot/build/mail_delivery_robot/build/lib/perceptions/beacon_sensor.py -> /home/maxcurkovic/cmds_ws/src/carleton-mail-delivery-robot/install/mail_delivery_robot/lib/python3.8/site-packages/perceptions
copying /home/maxcurkovic/cmds_ws/src/carleton-mail-delivery-robot/build/mail_delivery_robot/build/lib/perceptions/bumper_sensor.py -> /home/maxcurkovic/cmds_ws/src/carleton-mail-delivery-robot/install/mail_delivery_robot/lib/python3.8/site-packages/perceptions
creating /home/maxcurkovic/cmds_ws/src/carleton-mail-delivery-robot/install/mail_delivery_robot/lib/python3.8/site-packages/tools
copying /home/maxcurkovic/cmds_ws/src/carleton-mail-delivery-robot/build/mail_delivery_robot/build/lib/tools/nav_parser.py -> /home/maxcurkovic/cmds_ws/src/carleton-mail-delivery-robot/install/mail_delivery_robot/lib/python3.8/site-packages/tools
copying /home/maxcurkovic/cmds_ws/src/carleton-mail-delivery-robot/build/mail_delivery_robot/build/lib/tools/__init__.py -> /home/maxcurkovic/cmds_ws/src/carleton-mail-delivery-robot/install/mail_delivery_robot/lib/python3.8/site-packages/tools
copying /home/maxcurkovic/cmds_ws/src/carleton-mail-delivery-robot/build/mail_delivery_robot/build/lib/tools/csv_parser.py -> /home/maxcurkovic/cmds_ws/src/carleton-mail-delivery-robot/install/mail_delivery_robot/lib/python3.8/site-packages/tools
creating /home/maxcurkovic/cmds_ws/src/carleton-mail-delivery-robot/install/mail_delivery_robot/lib/python3.8/site-packages/mail_delivery_robot
copying /home/maxcurkovic/cmds_ws/src/carleton-mail-delivery-robot/build/mail_delivery_robot/build/lib/mail_delivery_robot/__init__.py -> /home/maxcurkovic/cmds_ws/src/carleton-mail-delivery-robot/install/mail_delivery_robot/lib/python3.8/site-packages/mail_delivery_robot
creating /home/maxcurkovic/cmds_ws/src/carleton-mail-delivery-robot/install/mail_delivery_robot/lib/python3.8/site-packages/control
copying /home/maxcurkovic/cmds_ws/src/carleton-mail-delivery-robot/build/mail_delivery_robot/build/lib/control/action_translator.py -> /home/maxcurkovic/cmds_ws/src/carleton-mail-delivery-robot/install/mail_delivery_robot/lib/python3.8/site-packages/control
copying /home/maxcurkovic/cmds_ws/src/carleton-mail-delivery-robot/build/mail_delivery_robot/build/lib/control/robot_driver.py -> /home/maxcurkovic/cmds_ws/src/carleton-mail-delivery-robot/install/mail_delivery_robot/lib/python3.8/site-packages/control
copying /home/maxcurkovic/cmds_ws/src/carleton-mail-delivery-robot/build/mail_delivery_robot/build/lib/control/state_machine.py -> /home/maxcurkovic/cmds_ws/src/carleton-mail-delivery-robot/install/mail_delivery_robot/lib/python3.8/site-packages/control
copying /home/maxcurkovic/cmds_ws/src/carleton-mail-delivery-robot/build/mail_delivery_robot/build/lib/control/__init__.py -> /home/maxcurkovic/cmds_ws/src/carleton-mail-delivery-robot/install/mail_delivery_robot/lib/python3.8/site-packages/control
creating /home/maxcurkovic/cmds_ws/src/carleton-mail-delivery-robot/install/mail_delivery_robot/lib/python3.8/site-packages/navigation
copying /home/maxcurkovic/cmds_ws/src/carleton-mail-delivery-robot/build/mail_delivery_robot/build/lib/navigation/captain.py -> /home/maxcurkovic/cmds_ws/src/carleton-mail-delivery-robot/install/mail_delivery_robot/lib/python3.8/site-packages/navigation
copying /home/maxcurkovic/cmds_ws/src/carleton-mail-delivery-robot/build/mail_delivery_robot/build/lib/navigation/__init__.py -> /home/maxcurkovic/cmds_ws/src/carleton-mail-delivery-robot/install/mail_delivery_robot/lib/python3.8/site-packages/navigation
byte-compiling /home/maxcurkovic/cmds_ws/src/carleton-mail-delivery-robot/install/mail_delivery_robot/lib/python3.8/site-packages/perceptions/lidar_sensor.py to lidar_sensor.cpython-38.pyc
byte-compiling /home/maxcurkovic/cmds_ws/src/carleton-mail-delivery-robot/install/mail_delivery_robot/lib/python3.8/site-packages/perceptions/__init__.py to __init__.cpython-38.pyc
byte-compiling /home/maxcurkovic/cmds_ws/src/carleton-mail-delivery-robot/install/mail_delivery_robot/lib/python3.8/site-packages/perceptions/beacon_sensor.py to beacon_sensor.cpython-38.pyc
byte-compiling /home/maxcurkovic/cmds_ws/src/carleton-mail-delivery-robot/install/mail_delivery_robot/lib/python3.8/site-packages/perceptions/bumper_sensor.py to bumper_sensor.cpython-38.pyc
byte-compiling /home/maxcurkovic/cmds_ws/src/carleton-mail-delivery-robot/install/mail_delivery_robot/lib/python3.8/site-packages/tools/nav_parser.py to nav_parser.cpython-38.pyc
byte-compiling /home/maxcurkovic/cmds_ws/src/carleton-mail-delivery-robot/install/mail_delivery_robot/lib/python3.8/site-packages/tools/__init__.py to __init__.cpython-38.pyc
byte-compiling /home/maxcurkovic/cmds_ws/src/carleton-mail-delivery-robot/install/mail_delivery_robot/lib/python3.8/site-packages/tools/csv_parser.py to csv_parser.cpython-38.pyc
byte-compiling /home/maxcurkovic/cmds_ws/src/carleton-mail-delivery-robot/install/mail_delivery_robot/lib/python3.8/site-packages/mail_delivery_robot/__init__.py to __init__.cpython-38.pyc
byte-compiling /home/maxcurkovic/cmds_ws/src/carleton-mail-delivery-robot/install/mail_delivery_robot/lib/python3.8/site-packages/control/action_translator.py to action_translator.cpython-38.pyc
byte-compiling /home/maxcurkovic/cmds_ws/src/carleton-mail-delivery-robot/install/mail_delivery_robot/lib/python3.8/site-packages/control/robot_driver.py to robot_driver.cpython-38.pyc
byte-compiling /home/maxcurkovic/cmds_ws/src/carleton-mail-delivery-robot/install/mail_delivery_robot/lib/python3.8/site-packages/control/state_machine.py to state_machine.cpython-38.pyc
byte-compiling /home/maxcurkovic/cmds_ws/src/carleton-mail-delivery-robot/install/mail_delivery_robot/lib/python3.8/site-packages/control/__init__.py to __init__.cpython-38.pyc
byte-compiling /home/maxcurkovic/cmds_ws/src/carleton-mail-delivery-robot/install/mail_delivery_robot/lib/python3.8/site-packages/navigation/captain.py to captain.cpython-38.pyc
byte-compiling /home/maxcurkovic/cmds_ws/src/carleton-mail-delivery-robot/install/mail_delivery_robot/lib/python3.8/site-packages/navigation/__init__.py to __init__.cpython-38.pyc
running install_data
creating /home/maxcurkovic/cmds_ws/src/carleton-mail-delivery-robot/install/mail_delivery_robot/lib/mail_delivery_robot
creating /home/maxcurkovic/cmds_ws/src/carleton-mail-delivery-robot/install/mail_delivery_robot/lib/mail_delivery_robot/config
copying config/map.csv -> /home/maxcurkovic/cmds_ws/src/carleton-mail-delivery-robot/install/mail_delivery_robot/lib/mail_delivery_robot/config
copying config/beacon_connections.csv -> /home/maxcurkovic/cmds_ws/src/carleton-mail-delivery-robot/install/mail_delivery_robot/lib/mail_delivery_robot/config
copying config/config.csv -> /home/maxcurkovic/cmds_ws/src/carleton-mail-delivery-robot/install/mail_delivery_robot/lib/mail_delivery_robot/config
copying config/beacons.csv -> /home/maxcurkovic/cmds_ws/src/carleton-mail-delivery-robot/install/mail_delivery_robot/lib/mail_delivery_robot/config
creating /home/maxcurkovic/cmds_ws/src/carleton-mail-delivery-robot/install/mail_delivery_robot/share/ament_index
creating /home/maxcurkovic/cmds_ws/src/carleton-mail-delivery-robot/install/mail_delivery_robot/share/ament_index/resource_index
creating /home/maxcurkovic/cmds_ws/src/carleton-mail-delivery-robot/install/mail_delivery_robot/share/ament_index/resource_index/packages
copying resource/mail_delivery_robot -> /home/maxcurkovic/cmds_ws/src/carleton-mail-delivery-robot/install/mail_delivery_robot/share/ament_index/resource_index/packages
copying package.xml -> /home/maxcurkovic/cmds_ws/src/carleton-mail-delivery-robot/install/mail_delivery_robot/share/mail_delivery_robot
creating /home/maxcurkovic/cmds_ws/src/carleton-mail-delivery-robot/install/mail_delivery_robot/share/mail_delivery_robot/launch
copying launch/robot.launch.py -> /home/maxcurkovic/cmds_ws/src/carleton-mail-delivery-robot/install/mail_delivery_robot/share/mail_delivery_robot/launch
running install_egg_info
Copying ../build/mail_delivery_robot/mail_delivery_robot.egg-info to /home/maxcurkovic/cmds_ws/src/carleton-mail-delivery-robot/install/mail_delivery_robot/lib/python3.8/site-packages/mail_delivery_robot-0.0.0-py3.8.egg-info
running install_scripts
Installing action_translator script to /home/maxcurkovic/cmds_ws/src/carleton-mail-delivery-robot/install/mail_delivery_robot/lib/mail_delivery_robot
Installing beacon_sensor script to /home/maxcurkovic/cmds_ws/src/carleton-mail-delivery-robot/install/mail_delivery_robot/lib/mail_delivery_robot
Installing bumper_sensor script to /home/maxcurkovic/cmds_ws/src/carleton-mail-delivery-robot/install/mail_delivery_robot/lib/mail_delivery_robot
Installing captain script to /home/maxcurkovic/cmds_ws/src/carleton-mail-delivery-robot/install/mail_delivery_robot/lib/mail_delivery_robot
Installing lidar_sensor script to /home/maxcurkovic/cmds_ws/src/carleton-mail-delivery-robot/install/mail_delivery_robot/lib/mail_delivery_robot
Installing robot_driver script to /home/maxcurkovic/cmds_ws/src/carleton-mail-delivery-robot/install/mail_delivery_robot/lib/mail_delivery_robot
writing list of installed files to '/home/maxcurkovic/cmds_ws/src/carleton-mail-delivery-robot/build/mail_delivery_robot/install.log'
