[0.927s] Invoking command in '/home/maxcurkovic/cmds_ws/src/carleton-mail-delivery-robot/mail_delivery_robot': PYTHONPATH=/home/maxcurkovic/cmds_ws/src/carleton-mail-delivery-robot/build/mail_delivery_robot/prefix_override:/home/maxcurkovic/cmds_ws/src/carleton-mail-delivery-robot/install/mail_delivery_robot/lib/python3.8/site-packages:${PYTHONPATH} /usr/bin/python3 setup.py egg_info --egg-base ../build/mail_delivery_robot build --build-base /home/maxcurkovic/cmds_ws/src/carleton-mail-delivery-robot/build/mail_delivery_robot/build install --record /home/maxcurkovic/cmds_ws/src/carleton-mail-delivery-robot/build/mail_delivery_robot/install.log --single-version-externally-managed
[1.139s] running egg_info
[1.140s] creating ../build/mail_delivery_robot/mail_delivery_robot.egg-info
[1.140s] writing ../build/mail_delivery_robot/mail_delivery_robot.egg-info/PKG-INFO
[1.140s] writing dependency_links to ../build/mail_delivery_robot/mail_delivery_robot.egg-info/dependency_links.txt
[1.140s] writing entry points to ../build/mail_delivery_robot/mail_delivery_robot.egg-info/entry_points.txt
[1.140s] writing requirements to ../build/mail_delivery_robot/mail_delivery_robot.egg-info/requires.txt
[1.141s] writing top-level names to ../build/mail_delivery_robot/mail_delivery_robot.egg-info/top_level.txt
[1.142s] writing manifest file '../build/mail_delivery_robot/mail_delivery_robot.egg-info/SOURCES.txt'
[1.175s] reading manifest file '../build/mail_delivery_robot/mail_delivery_robot.egg-info/SOURCES.txt'
[1.175s] writing manifest file '../build/mail_delivery_robot/mail_delivery_robot.egg-info/SOURCES.txt'
[1.177s] running build
[1.177s] running build_py
[1.177s] creating /home/maxcurkovic/cmds_ws/src/carleton-mail-delivery-robot/build/mail_delivery_robot/build
[1.177s] creating /home/maxcurkovic/cmds_ws/src/carleton-mail-delivery-robot/build/mail_delivery_robot/build/lib
[1.178s] creating /home/maxcurkovic/cmds_ws/src/carleton-mail-delivery-robot/build/mail_delivery_robot/build/lib/control
[1.178s] copying control/__init__.py -> /home/maxcurkovic/cmds_ws/src/carleton-mail-delivery-robot/build/mail_delivery_robot/build/lib/control
[1.178s] copying control/robot_driver.py -> /home/maxcurkovic/cmds_ws/src/carleton-mail-delivery-robot/build/mail_delivery_robot/build/lib/control
[1.178s] copying control/state_machine.py -> /home/maxcurkovic/cmds_ws/src/carleton-mail-delivery-robot/build/mail_delivery_robot/build/lib/control
[1.179s] creating /home/maxcurkovic/cmds_ws/src/carleton-mail-delivery-robot/build/mail_delivery_robot/build/lib/perceptions
[1.179s] copying perceptions/__init__.py -> /home/maxcurkovic/cmds_ws/src/carleton-mail-delivery-robot/build/mail_delivery_robot/build/lib/perceptions
[1.179s] copying perceptions/lidar_sensor.py -> /home/maxcurkovic/cmds_ws/src/carleton-mail-delivery-robot/build/mail_delivery_robot/build/lib/perceptions
[1.180s] copying control/action_translator.py -> /home/maxcurkovic/cmds_ws/src/carleton-mail-delivery-robot/build/mail_delivery_robot/build/lib/control
[1.180s] copying perceptions/beacon_sensor.py -> /home/maxcurkovic/cmds_ws/src/carleton-mail-delivery-robot/build/mail_delivery_robot/build/lib/perceptions
[1.180s] creating /home/maxcurkovic/cmds_ws/src/carleton-mail-delivery-robot/build/mail_delivery_robot/build/lib/navigation
[1.181s] copying navigation/__init__.py -> /home/maxcurkovic/cmds_ws/src/carleton-mail-delivery-robot/build/mail_delivery_robot/build/lib/navigation
[1.181s] copying navigation/captain.py -> /home/maxcurkovic/cmds_ws/src/carleton-mail-delivery-robot/build/mail_delivery_robot/build/lib/navigation
[1.181s] copying perceptions/bumper_sensor.py -> /home/maxcurkovic/cmds_ws/src/carleton-mail-delivery-robot/build/mail_delivery_robot/build/lib/perceptions
[1.181s] creating /home/maxcurkovic/cmds_ws/src/carleton-mail-delivery-robot/build/mail_delivery_robot/build/lib/tools
[1.182s] copying tools/__init__.py -> /home/maxcurkovic/cmds_ws/src/carleton-mail-delivery-robot/build/mail_delivery_robot/build/lib/tools
[1.182s] copying tools/csv_parser.py -> /home/maxcurkovic/cmds_ws/src/carleton-mail-delivery-robot/build/mail_delivery_robot/build/lib/tools
[1.182s] copying tools/nav_parser.py -> /home/maxcurkovic/cmds_ws/src/carleton-mail-delivery-robot/build/mail_delivery_robot/build/lib/tools
[1.182s] creating /home/maxcurkovic/cmds_ws/src/carleton-mail-delivery-robot/build/mail_delivery_robot/build/lib/mail_delivery_robot
[1.182s] copying mail_delivery_robot/__init__.py -> /home/maxcurkovic/cmds_ws/src/carleton-mail-delivery-robot/build/mail_delivery_robot/build/lib/mail_delivery_robot
[1.183s] running install
[1.184s] running install_lib
[1.185s] creating /home/maxcurkovic/cmds_ws/src/carleton-mail-delivery-robot/install/mail_delivery_robot/lib/python3.8/site-packages/perceptions
[1.185s] copying /home/maxcurkovic/cmds_ws/src/carleton-mail-delivery-robot/build/mail_delivery_robot/build/lib/perceptions/lidar_sensor.py -> /home/maxcurkovic/cmds_ws/src/carleton-mail-delivery-robot/install/mail_delivery_robot/lib/python3.8/site-packages/perceptions
[1.185s] copying /home/maxcurkovic/cmds_ws/src/carleton-mail-delivery-robot/build/mail_delivery_robot/build/lib/perceptions/__init__.py -> /home/maxcurkovic/cmds_ws/src/carleton-mail-delivery-robot/install/mail_delivery_robot/lib/python3.8/site-packages/perceptions
[1.185s] copying /home/maxcurkovic/cmds_ws/src/carleton-mail-delivery-robot/build/mail_delivery_robot/build/lib/perceptions/beacon_sensor.py -> /home/maxcurkovic/cmds_ws/src/carleton-mail-delivery-robot/install/mail_delivery_robot/lib/python3.8/site-packages/perceptions
[1.185s] copying /home/maxcurkovic/cmds_ws/src/carleton-mail-delivery-robot/build/mail_delivery_robot/build/lib/perceptions/bumper_sensor.py -> /home/maxcurkovic/cmds_ws/src/carleton-mail-delivery-robot/install/mail_delivery_robot/lib/python3.8/site-packages/perceptions
[1.186s] creating /home/maxcurkovic/cmds_ws/src/carleton-mail-delivery-robot/install/mail_delivery_robot/lib/python3.8/site-packages/tools
[1.187s] copying /home/maxcurkovic/cmds_ws/src/carleton-mail-delivery-robot/build/mail_delivery_robot/build/lib/tools/nav_parser.py -> /home/maxcurkovic/cmds_ws/src/carleton-mail-delivery-robot/install/mail_delivery_robot/lib/python3.8/site-packages/tools
[1.187s] copying /home/maxcurkovic/cmds_ws/src/carleton-mail-delivery-robot/build/mail_delivery_robot/build/lib/tools/__init__.py -> /home/maxcurkovic/cmds_ws/src/carleton-mail-delivery-robot/install/mail_delivery_robot/lib/python3.8/site-packages/tools
[1.187s] copying /home/maxcurkovic/cmds_ws/src/carleton-mail-delivery-robot/build/mail_delivery_robot/build/lib/tools/csv_parser.py -> /home/maxcurkovic/cmds_ws/src/carleton-mail-delivery-robot/install/mail_delivery_robot/lib/python3.8/site-packages/tools
[1.187s] creating /home/maxcurkovic/cmds_ws/src/carleton-mail-delivery-robot/install/mail_delivery_robot/lib/python3.8/site-packages/mail_delivery_robot
[1.189s] copying /home/maxcurkovic/cmds_ws/src/carleton-mail-delivery-robot/build/mail_delivery_robot/build/lib/mail_delivery_robot/__init__.py -> /home/maxcurkovic/cmds_ws/src/carleton-mail-delivery-robot/install/mail_delivery_robot/lib/python3.8/site-packages/mail_delivery_robot
[1.189s] creating /home/maxcurkovic/cmds_ws/src/carleton-mail-delivery-robot/install/mail_delivery_robot/lib/python3.8/site-packages/control
[1.189s] copying /home/maxcurkovic/cmds_ws/src/carleton-mail-delivery-robot/build/mail_delivery_robot/build/lib/control/action_translator.py -> /home/maxcurkovic/cmds_ws/src/carleton-mail-delivery-robot/install/mail_delivery_robot/lib/python3.8/site-packages/control
[1.189s] copying /home/maxcurkovic/cmds_ws/src/carleton-mail-delivery-robot/build/mail_delivery_robot/build/lib/control/robot_driver.py -> /home/maxcurkovic/cmds_ws/src/carleton-mail-delivery-robot/install/mail_delivery_robot/lib/python3.8/site-packages/control
[1.190s] copying /home/maxcurkovic/cmds_ws/src/carleton-mail-delivery-robot/build/mail_delivery_robot/build/lib/control/state_machine.py -> /home/maxcurkovic/cmds_ws/src/carleton-mail-delivery-robot/install/mail_delivery_robot/lib/python3.8/site-packages/control
[1.190s] copying /home/maxcurkovic/cmds_ws/src/carleton-mail-delivery-robot/build/mail_delivery_robot/build/lib/control/__init__.py -> /home/maxcurkovic/cmds_ws/src/carleton-mail-delivery-robot/install/mail_delivery_robot/lib/python3.8/site-packages/control
[1.190s] creating /home/maxcurkovic/cmds_ws/src/carleton-mail-delivery-robot/install/mail_delivery_robot/lib/python3.8/site-packages/navigation
[1.190s] copying /home/maxcurkovic/cmds_ws/src/carleton-mail-delivery-robot/build/mail_delivery_robot/build/lib/navigation/captain.py -> /home/maxcurkovic/cmds_ws/src/carleton-mail-delivery-robot/install/mail_delivery_robot/lib/python3.8/site-packages/navigation
[1.190s] copying /home/maxcurkovic/cmds_ws/src/carleton-mail-delivery-robot/build/mail_delivery_robot/build/lib/navigation/__init__.py -> /home/maxcurkovic/cmds_ws/src/carleton-mail-delivery-robot/install/mail_delivery_robot/lib/python3.8/site-packages/navigation
[1.191s] byte-compiling /home/maxcurkovic/cmds_ws/src/carleton-mail-delivery-robot/install/mail_delivery_robot/lib/python3.8/site-packages/perceptions/lidar_sensor.py to lidar_sensor.cpython-38.pyc
[1.192s] byte-compiling /home/maxcurkovic/cmds_ws/src/carleton-mail-delivery-robot/install/mail_delivery_robot/lib/python3.8/site-packages/perceptions/__init__.py to __init__.cpython-38.pyc
[1.193s] byte-compiling /home/maxcurkovic/cmds_ws/src/carleton-mail-delivery-robot/install/mail_delivery_robot/lib/python3.8/site-packages/perceptions/beacon_sensor.py to beacon_sensor.cpython-38.pyc
[1.193s] byte-compiling /home/maxcurkovic/cmds_ws/src/carleton-mail-delivery-robot/install/mail_delivery_robot/lib/python3.8/site-packages/perceptions/bumper_sensor.py to bumper_sensor.cpython-38.pyc
[1.194s] byte-compiling /home/maxcurkovic/cmds_ws/src/carleton-mail-delivery-robot/install/mail_delivery_robot/lib/python3.8/site-packages/tools/nav_parser.py to nav_parser.cpython-38.pyc
[1.194s] byte-compiling /home/maxcurkovic/cmds_ws/src/carleton-mail-delivery-robot/install/mail_delivery_robot/lib/python3.8/site-packages/tools/__init__.py to __init__.cpython-38.pyc
[1.194s] byte-compiling /home/maxcurkovic/cmds_ws/src/carleton-mail-delivery-robot/install/mail_delivery_robot/lib/python3.8/site-packages/tools/csv_parser.py to csv_parser.cpython-38.pyc
[1.195s] byte-compiling /home/maxcurkovic/cmds_ws/src/carleton-mail-delivery-robot/install/mail_delivery_robot/lib/python3.8/site-packages/mail_delivery_robot/__init__.py to __init__.cpython-38.pyc
[1.195s] byte-compiling /home/maxcurkovic/cmds_ws/src/carleton-mail-delivery-robot/install/mail_delivery_robot/lib/python3.8/site-packages/control/action_translator.py to action_translator.cpython-38.pyc
[1.196s] byte-compiling /home/maxcurkovic/cmds_ws/src/carleton-mail-delivery-robot/install/mail_delivery_robot/lib/python3.8/site-packages/control/robot_driver.py to robot_driver.cpython-38.pyc
[1.197s] byte-compiling /home/maxcurkovic/cmds_ws/src/carleton-mail-delivery-robot/install/mail_delivery_robot/lib/python3.8/site-packages/control/state_machine.py to state_machine.cpython-38.pyc
[1.202s] byte-compiling /home/maxcurkovic/cmds_ws/src/carleton-mail-delivery-robot/install/mail_delivery_robot/lib/python3.8/site-packages/control/__init__.py to __init__.cpython-38.pyc
[1.203s] byte-compiling /home/maxcurkovic/cmds_ws/src/carleton-mail-delivery-robot/install/mail_delivery_robot/lib/python3.8/site-packages/navigation/captain.py to captain.cpython-38.pyc
[1.203s] byte-compiling /home/maxcurkovic/cmds_ws/src/carleton-mail-delivery-robot/install/mail_delivery_robot/lib/python3.8/site-packages/navigation/__init__.py to __init__.cpython-38.pyc
[1.203s] running install_data
[1.204s] creating /home/maxcurkovic/cmds_ws/src/carleton-mail-delivery-robot/install/mail_delivery_robot/lib/mail_delivery_robot
[1.204s] creating /home/maxcurkovic/cmds_ws/src/carleton-mail-delivery-robot/install/mail_delivery_robot/lib/mail_delivery_robot/config
[1.204s] copying config/map.csv -> /home/maxcurkovic/cmds_ws/src/carleton-mail-delivery-robot/install/mail_delivery_robot/lib/mail_delivery_robot/config
[1.204s] copying config/beacon_connections.csv -> /home/maxcurkovic/cmds_ws/src/carleton-mail-delivery-robot/install/mail_delivery_robot/lib/mail_delivery_robot/config
[1.204s] copying config/config.csv -> /home/maxcurkovic/cmds_ws/src/carleton-mail-delivery-robot/install/mail_delivery_robot/lib/mail_delivery_robot/config
[1.205s] copying config/beacons.csv -> /home/maxcurkovic/cmds_ws/src/carleton-mail-delivery-robot/install/mail_delivery_robot/lib/mail_delivery_robot/config
[1.205s] creating /home/maxcurkovic/cmds_ws/src/carleton-mail-delivery-robot/install/mail_delivery_robot/share/ament_index
[1.205s] creating /home/maxcurkovic/cmds_ws/src/carleton-mail-delivery-robot/install/mail_delivery_robot/share/ament_index/resource_index
[1.205s] creating /home/maxcurkovic/cmds_ws/src/carleton-mail-delivery-robot/install/mail_delivery_robot/share/ament_index/resource_index/packages
[1.205s] copying resource/mail_delivery_robot -> /home/maxcurkovic/cmds_ws/src/carleton-mail-delivery-robot/install/mail_delivery_robot/share/ament_index/resource_index/packages
[1.205s] copying package.xml -> /home/maxcurkovic/cmds_ws/src/carleton-mail-delivery-robot/install/mail_delivery_robot/share/mail_delivery_robot
[1.206s] creating /home/maxcurkovic/cmds_ws/src/carleton-mail-delivery-robot/install/mail_delivery_robot/share/mail_delivery_robot/launch
[1.206s] copying launch/robot.launch.py -> /home/maxcurkovic/cmds_ws/src/carleton-mail-delivery-robot/install/mail_delivery_robot/share/mail_delivery_robot/launch
[1.206s] running install_egg_info
[1.207s] Copying ../build/mail_delivery_robot/mail_delivery_robot.egg-info to /home/maxcurkovic/cmds_ws/src/carleton-mail-delivery-robot/install/mail_delivery_robot/lib/python3.8/site-packages/mail_delivery_robot-0.0.0-py3.8.egg-info
[1.208s] running install_scripts
[1.234s] Installing action_translator script to /home/maxcurkovic/cmds_ws/src/carleton-mail-delivery-robot/install/mail_delivery_robot/lib/mail_delivery_robot
[1.234s] Installing beacon_sensor script to /home/maxcurkovic/cmds_ws/src/carleton-mail-delivery-robot/install/mail_delivery_robot/lib/mail_delivery_robot
[1.235s] Installing bumper_sensor script to /home/maxcurkovic/cmds_ws/src/carleton-mail-delivery-robot/install/mail_delivery_robot/lib/mail_delivery_robot
[1.235s] Installing captain script to /home/maxcurkovic/cmds_ws/src/carleton-mail-delivery-robot/install/mail_delivery_robot/lib/mail_delivery_robot
[1.235s] Installing lidar_sensor script to /home/maxcurkovic/cmds_ws/src/carleton-mail-delivery-robot/install/mail_delivery_robot/lib/mail_delivery_robot
[1.235s] Installing robot_driver script to /home/maxcurkovic/cmds_ws/src/carleton-mail-delivery-robot/install/mail_delivery_robot/lib/mail_delivery_robot
[1.236s] writing list of installed files to '/home/maxcurkovic/cmds_ws/src/carleton-mail-delivery-robot/build/mail_delivery_robot/install.log'
[1.266s] Invoked command in '/home/maxcurkovic/cmds_ws/src/carleton-mail-delivery-robot/mail_delivery_robot' returned '0': PYTHONPATH=/home/maxcurkovic/cmds_ws/src/carleton-mail-delivery-robot/build/mail_delivery_robot/prefix_override:/home/maxcurkovic/cmds_ws/src/carleton-mail-delivery-robot/install/mail_delivery_robot/lib/python3.8/site-packages:${PYTHONPATH} /usr/bin/python3 setup.py egg_info --egg-base ../build/mail_delivery_robot build --build-base /home/maxcurkovic/cmds_ws/src/carleton-mail-delivery-robot/build/mail_delivery_robot/build install --record /home/maxcurkovic/cmds_ws/src/carleton-mail-delivery-robot/build/mail_delivery_robot/install.log --single-version-externally-managed
