[1.833s] DEBUG:colcon:Command line arguments: ['/usr/bin/colcon', 'build']
[1.833s] DEBUG:colcon:Parsed command line arguments: Namespace(allow_overriding=[], ament_cmake_args=None, base_paths=['.'], build_base='build', catkin_cmake_args=None, catkin_skip_building_tests=False, cmake_args=None, cmake_clean_cache=False, cmake_clean_first=False, cmake_force_configure=False, cmake_target=None, cmake_target_skip_unavailable=False, continue_on_error=False, event_handlers=None, executor='parallel', ignore_user_meta=False, install_base='install', log_base=None, log_level=None, main=<bound method BuildVerb.main of <colcon_core.verb.build.BuildVerb object at 0x7f00cb6654f0>>, merge_install=False, metas=['./colcon.meta'], packages_above=None, packages_above_and_dependencies=None, packages_above_depth=None, packages_end=None, packages_ignore=None, packages_ignore_regex=None, packages_select=None, packages_select_build_failed=False, packages_select_by_dep=None, packages_select_regex=None, packages_select_test_failures=False, packages_skip=None, packages_skip_build_finished=False, packages_skip_by_dep=None, packages_skip_regex=None, packages_skip_test_passed=False, packages_skip_up_to=None, packages_start=None, packages_up_to=None, packages_up_to_regex=None, parallel_workers=1, paths=None, symlink_install=False, test_result_base=None, verb_extension=<colcon_core.verb.build.BuildVerb object at 0x7f00cb6654f0>, verb_name='build', verb_parser=<colcon_defaults.argument_parser.defaults.DefaultArgumentsDecorator object at 0x7f00cb197c70>)
[1.907s] Level 1:colcon.colcon_core.package_discovery:discover_packages(colcon_meta) check parameters
[1.907s] Level 1:colcon.colcon_core.package_discovery:discover_packages(recursive) check parameters
[1.907s] Level 1:colcon.colcon_core.package_discovery:discover_packages(ignore) check parameters
[1.907s] Level 1:colcon.colcon_core.package_discovery:discover_packages(path) check parameters
[1.907s] Level 1:colcon.colcon_core.package_discovery:discover_packages(colcon_meta) discover
[1.907s] Level 1:colcon.colcon_core.package_discovery:discover_packages(recursive) discover
[1.907s] INFO:colcon.colcon_core.package_discovery:Crawling recursively for packages in '/home/maxcurkovic/cmds_ws/src/carleton-mail-delivery-robot'
[1.907s] Level 1:colcon.colcon_core.package_identification:_identify(.) by extensions ['ignore', 'ignore_ament_install']
[1.907s] Level 1:colcon.colcon_core.package_identification:_identify(.) by extension 'ignore'
[1.907s] Level 1:colcon.colcon_core.package_identification:_identify(.) by extension 'ignore_ament_install'
[1.907s] Level 1:colcon.colcon_core.package_identification:_identify(.) by extensions ['colcon_pkg']
[1.907s] Level 1:colcon.colcon_core.package_identification:_identify(.) by extension 'colcon_pkg'
[1.907s] Level 1:colcon.colcon_core.package_identification:_identify(.) by extensions ['colcon_meta']
[1.907s] Level 1:colcon.colcon_core.package_identification:_identify(.) by extension 'colcon_meta'
[1.907s] Level 1:colcon.colcon_core.package_identification:_identify(.) by extensions ['ros']
[1.907s] Level 1:colcon.colcon_core.package_identification:_identify(.) by extension 'ros'
[1.917s] Level 1:colcon.colcon_core.package_identification:_identify(.) by extensions ['cmake', 'python']
[1.917s] Level 1:colcon.colcon_core.package_identification:_identify(.) by extension 'cmake'
[1.918s] Level 1:colcon.colcon_core.package_identification:_identify(.) by extension 'python'
[1.918s] Level 1:colcon.colcon_core.package_identification:_identify(.) by extensions ['python_setup_py']
[1.918s] Level 1:colcon.colcon_core.package_identification:_identify(.) by extension 'python_setup_py'
[1.918s] Level 1:colcon.colcon_core.package_identification:_identify(CAD_Models) by extensions ['ignore', 'ignore_ament_install']
[1.918s] Level 1:colcon.colcon_core.package_identification:_identify(CAD_Models) by extension 'ignore'
[1.918s] Level 1:colcon.colcon_core.package_identification:_identify(CAD_Models) by extension 'ignore_ament_install'
[1.918s] Level 1:colcon.colcon_core.package_identification:_identify(CAD_Models) by extensions ['colcon_pkg']
[1.918s] Level 1:colcon.colcon_core.package_identification:_identify(CAD_Models) by extension 'colcon_pkg'
[1.918s] Level 1:colcon.colcon_core.package_identification:_identify(CAD_Models) by extensions ['colcon_meta']
[1.918s] Level 1:colcon.colcon_core.package_identification:_identify(CAD_Models) by extension 'colcon_meta'
[1.918s] Level 1:colcon.colcon_core.package_identification:_identify(CAD_Models) by extensions ['ros']
[1.918s] Level 1:colcon.colcon_core.package_identification:_identify(CAD_Models) by extension 'ros'
[1.918s] Level 1:colcon.colcon_core.package_identification:_identify(CAD_Models) by extensions ['cmake', 'python']
[1.918s] Level 1:colcon.colcon_core.package_identification:_identify(CAD_Models) by extension 'cmake'
[1.918s] Level 1:colcon.colcon_core.package_identification:_identify(CAD_Models) by extension 'python'
[1.918s] Level 1:colcon.colcon_core.package_identification:_identify(CAD_Models) by extensions ['python_setup_py']
[1.918s] Level 1:colcon.colcon_core.package_identification:_identify(CAD_Models) by extension 'python_setup_py'
[1.919s] Level 1:colcon.colcon_core.package_identification:_identify(build) by extensions ['ignore', 'ignore_ament_install']
[1.919s] Level 1:colcon.colcon_core.package_identification:_identify(build) by extension 'ignore'
[1.919s] Level 1:colcon.colcon_core.package_identification:_identify(build) ignored
[1.919s] Level 1:colcon.colcon_core.package_identification:_identify(diagrams) by extensions ['ignore', 'ignore_ament_install']
[1.919s] Level 1:colcon.colcon_core.package_identification:_identify(diagrams) by extension 'ignore'
[1.919s] Level 1:colcon.colcon_core.package_identification:_identify(diagrams) by extension 'ignore_ament_install'
[1.919s] Level 1:colcon.colcon_core.package_identification:_identify(diagrams) by extensions ['colcon_pkg']
[1.919s] Level 1:colcon.colcon_core.package_identification:_identify(diagrams) by extension 'colcon_pkg'
[1.919s] Level 1:colcon.colcon_core.package_identification:_identify(diagrams) by extensions ['colcon_meta']
[1.919s] Level 1:colcon.colcon_core.package_identification:_identify(diagrams) by extension 'colcon_meta'
[1.919s] Level 1:colcon.colcon_core.package_identification:_identify(diagrams) by extensions ['ros']
[1.919s] Level 1:colcon.colcon_core.package_identification:_identify(diagrams) by extension 'ros'
[1.919s] Level 1:colcon.colcon_core.package_identification:_identify(diagrams) by extensions ['cmake', 'python']
[1.919s] Level 1:colcon.colcon_core.package_identification:_identify(diagrams) by extension 'cmake'
[1.919s] Level 1:colcon.colcon_core.package_identification:_identify(diagrams) by extension 'python'
[1.919s] Level 1:colcon.colcon_core.package_identification:_identify(diagrams) by extensions ['python_setup_py']
[1.919s] Level 1:colcon.colcon_core.package_identification:_identify(diagrams) by extension 'python_setup_py'
[1.919s] Level 1:colcon.colcon_core.package_identification:_identify(diagrams/src) by extensions ['ignore', 'ignore_ament_install']
[1.919s] Level 1:colcon.colcon_core.package_identification:_identify(diagrams/src) by extension 'ignore'
[1.919s] Level 1:colcon.colcon_core.package_identification:_identify(diagrams/src) by extension 'ignore_ament_install'
[1.920s] Level 1:colcon.colcon_core.package_identification:_identify(diagrams/src) by extensions ['colcon_pkg']
[1.920s] Level 1:colcon.colcon_core.package_identification:_identify(diagrams/src) by extension 'colcon_pkg'
[1.920s] Level 1:colcon.colcon_core.package_identification:_identify(diagrams/src) by extensions ['colcon_meta']
[1.920s] Level 1:colcon.colcon_core.package_identification:_identify(diagrams/src) by extension 'colcon_meta'
[1.920s] Level 1:colcon.colcon_core.package_identification:_identify(diagrams/src) by extensions ['ros']
[1.920s] Level 1:colcon.colcon_core.package_identification:_identify(diagrams/src) by extension 'ros'
[1.920s] Level 1:colcon.colcon_core.package_identification:_identify(diagrams/src) by extensions ['cmake', 'python']
[1.920s] Level 1:colcon.colcon_core.package_identification:_identify(diagrams/src) by extension 'cmake'
[1.920s] Level 1:colcon.colcon_core.package_identification:_identify(diagrams/src) by extension 'python'
[1.920s] Level 1:colcon.colcon_core.package_identification:_identify(diagrams/src) by extensions ['python_setup_py']
[1.920s] Level 1:colcon.colcon_core.package_identification:_identify(diagrams/src) by extension 'python_setup_py'
[1.920s] Level 1:colcon.colcon_core.package_identification:_identify(diagrams/src/plantuml_files) by extensions ['ignore', 'ignore_ament_install']
[1.920s] Level 1:colcon.colcon_core.package_identification:_identify(diagrams/src/plantuml_files) by extension 'ignore'
[1.920s] Level 1:colcon.colcon_core.package_identification:_identify(diagrams/src/plantuml_files) by extension 'ignore_ament_install'
[1.920s] Level 1:colcon.colcon_core.package_identification:_identify(diagrams/src/plantuml_files) by extensions ['colcon_pkg']
[1.920s] Level 1:colcon.colcon_core.package_identification:_identify(diagrams/src/plantuml_files) by extension 'colcon_pkg'
[1.920s] Level 1:colcon.colcon_core.package_identification:_identify(diagrams/src/plantuml_files) by extensions ['colcon_meta']
[1.920s] Level 1:colcon.colcon_core.package_identification:_identify(diagrams/src/plantuml_files) by extension 'colcon_meta'
[1.920s] Level 1:colcon.colcon_core.package_identification:_identify(diagrams/src/plantuml_files) by extensions ['ros']
[1.920s] Level 1:colcon.colcon_core.package_identification:_identify(diagrams/src/plantuml_files) by extension 'ros'
[1.920s] Level 1:colcon.colcon_core.package_identification:_identify(diagrams/src/plantuml_files) by extensions ['cmake', 'python']
[1.920s] Level 1:colcon.colcon_core.package_identification:_identify(diagrams/src/plantuml_files) by extension 'cmake'
[1.920s] Level 1:colcon.colcon_core.package_identification:_identify(diagrams/src/plantuml_files) by extension 'python'
[1.920s] Level 1:colcon.colcon_core.package_identification:_identify(diagrams/src/plantuml_files) by extensions ['python_setup_py']
[1.920s] Level 1:colcon.colcon_core.package_identification:_identify(diagrams/src/plantuml_files) by extension 'python_setup_py'
[1.920s] Level 1:colcon.colcon_core.package_identification:_identify(documents) by extensions ['ignore', 'ignore_ament_install']
[1.920s] Level 1:colcon.colcon_core.package_identification:_identify(documents) by extension 'ignore'
[1.920s] Level 1:colcon.colcon_core.package_identification:_identify(documents) by extension 'ignore_ament_install'
[1.920s] Level 1:colcon.colcon_core.package_identification:_identify(documents) by extensions ['colcon_pkg']
[1.920s] Level 1:colcon.colcon_core.package_identification:_identify(documents) by extension 'colcon_pkg'
[1.920s] Level 1:colcon.colcon_core.package_identification:_identify(documents) by extensions ['colcon_meta']
[1.920s] Level 1:colcon.colcon_core.package_identification:_identify(documents) by extension 'colcon_meta'
[1.920s] Level 1:colcon.colcon_core.package_identification:_identify(documents) by extensions ['ros']
[1.921s] Level 1:colcon.colcon_core.package_identification:_identify(documents) by extension 'ros'
[1.921s] Level 1:colcon.colcon_core.package_identification:_identify(documents) by extensions ['cmake', 'python']
[1.921s] Level 1:colcon.colcon_core.package_identification:_identify(documents) by extension 'cmake'
[1.921s] Level 1:colcon.colcon_core.package_identification:_identify(documents) by extension 'python'
[1.921s] Level 1:colcon.colcon_core.package_identification:_identify(documents) by extensions ['python_setup_py']
[1.921s] Level 1:colcon.colcon_core.package_identification:_identify(documents) by extension 'python_setup_py'
[1.921s] Level 1:colcon.colcon_core.package_identification:_identify(install) by extensions ['ignore', 'ignore_ament_install']
[1.921s] Level 1:colcon.colcon_core.package_identification:_identify(install) by extension 'ignore'
[1.921s] Level 1:colcon.colcon_core.package_identification:_identify(install) ignored
[1.921s] Level 1:colcon.colcon_core.package_identification:_identify(log) by extensions ['ignore', 'ignore_ament_install']
[1.921s] Level 1:colcon.colcon_core.package_identification:_identify(log) by extension 'ignore'
[1.921s] Level 1:colcon.colcon_core.package_identification:_identify(log) ignored
[1.921s] Level 1:colcon.colcon_core.package_identification:_identify(mail_delivery_robot) by extensions ['ignore', 'ignore_ament_install']
[1.921s] Level 1:colcon.colcon_core.package_identification:_identify(mail_delivery_robot) by extension 'ignore'
[1.921s] Level 1:colcon.colcon_core.package_identification:_identify(mail_delivery_robot) by extension 'ignore_ament_install'
[1.921s] Level 1:colcon.colcon_core.package_identification:_identify(mail_delivery_robot) by extensions ['colcon_pkg']
[1.921s] Level 1:colcon.colcon_core.package_identification:_identify(mail_delivery_robot) by extension 'colcon_pkg'
[1.921s] Level 1:colcon.colcon_core.package_identification:_identify(mail_delivery_robot) by extensions ['colcon_meta']
[1.921s] Level 1:colcon.colcon_core.package_identification:_identify(mail_delivery_robot) by extension 'colcon_meta'
[1.921s] Level 1:colcon.colcon_core.package_identification:_identify(mail_delivery_robot) by extensions ['ros']
[1.921s] Level 1:colcon.colcon_core.package_identification:_identify(mail_delivery_robot) by extension 'ros'
[1.923s] DEBUG:colcon.colcon_core.package_identification:Package 'mail_delivery_robot' with type 'ros.ament_python' and name 'mail_delivery_robot'
[1.923s] Level 1:colcon.colcon_core.package_identification:_identify(tools) by extensions ['ignore', 'ignore_ament_install']
[1.923s] Level 1:colcon.colcon_core.package_identification:_identify(tools) by extension 'ignore'
[1.923s] Level 1:colcon.colcon_core.package_identification:_identify(tools) by extension 'ignore_ament_install'
[1.924s] Level 1:colcon.colcon_core.package_identification:_identify(tools) by extensions ['colcon_pkg']
[1.924s] Level 1:colcon.colcon_core.package_identification:_identify(tools) by extension 'colcon_pkg'
[1.924s] Level 1:colcon.colcon_core.package_identification:_identify(tools) by extensions ['colcon_meta']
[1.924s] Level 1:colcon.colcon_core.package_identification:_identify(tools) by extension 'colcon_meta'
[1.924s] Level 1:colcon.colcon_core.package_identification:_identify(tools) by extensions ['ros']
[1.924s] Level 1:colcon.colcon_core.package_identification:_identify(tools) by extension 'ros'
[1.924s] Level 1:colcon.colcon_core.package_identification:_identify(tools) by extensions ['cmake', 'python']
[1.924s] Level 1:colcon.colcon_core.package_identification:_identify(tools) by extension 'cmake'
[1.924s] Level 1:colcon.colcon_core.package_identification:_identify(tools) by extension 'python'
[1.924s] Level 1:colcon.colcon_core.package_identification:_identify(tools) by extensions ['python_setup_py']
[1.924s] Level 1:colcon.colcon_core.package_identification:_identify(tools) by extension 'python_setup_py'
[1.924s] Level 1:colcon.colcon_core.package_identification:_identify(tools/Beacon_Analyzer) by extensions ['ignore', 'ignore_ament_install']
[1.924s] Level 1:colcon.colcon_core.package_identification:_identify(tools/Beacon_Analyzer) by extension 'ignore'
[1.924s] Level 1:colcon.colcon_core.package_identification:_identify(tools/Beacon_Analyzer) by extension 'ignore_ament_install'
[1.924s] Level 1:colcon.colcon_core.package_identification:_identify(tools/Beacon_Analyzer) by extensions ['colcon_pkg']
[1.924s] Level 1:colcon.colcon_core.package_identification:_identify(tools/Beacon_Analyzer) by extension 'colcon_pkg'
[1.924s] Level 1:colcon.colcon_core.package_identification:_identify(tools/Beacon_Analyzer) by extensions ['colcon_meta']
[1.924s] Level 1:colcon.colcon_core.package_identification:_identify(tools/Beacon_Analyzer) by extension 'colcon_meta'
[1.924s] Level 1:colcon.colcon_core.package_identification:_identify(tools/Beacon_Analyzer) by extensions ['ros']
[1.924s] Level 1:colcon.colcon_core.package_identification:_identify(tools/Beacon_Analyzer) by extension 'ros'
[1.924s] Level 1:colcon.colcon_core.package_identification:_identify(tools/Beacon_Analyzer) by extensions ['cmake', 'python']
[1.924s] Level 1:colcon.colcon_core.package_identification:_identify(tools/Beacon_Analyzer) by extension 'cmake'
[1.924s] Level 1:colcon.colcon_core.package_identification:_identify(tools/Beacon_Analyzer) by extension 'python'
[1.924s] Level 1:colcon.colcon_core.package_identification:_identify(tools/Beacon_Analyzer) by extensions ['python_setup_py']
[1.924s] Level 1:colcon.colcon_core.package_identification:_identify(tools/Beacon_Analyzer) by extension 'python_setup_py'
[1.924s] Level 1:colcon.colcon_core.package_identification:_identify(tools/Wall_Follow_Simulator) by extensions ['ignore', 'ignore_ament_install']
[1.924s] Level 1:colcon.colcon_core.package_identification:_identify(tools/Wall_Follow_Simulator) by extension 'ignore'
[1.924s] Level 1:colcon.colcon_core.package_identification:_identify(tools/Wall_Follow_Simulator) by extension 'ignore_ament_install'
[1.924s] Level 1:colcon.colcon_core.package_identification:_identify(tools/Wall_Follow_Simulator) by extensions ['colcon_pkg']
[1.924s] Level 1:colcon.colcon_core.package_identification:_identify(tools/Wall_Follow_Simulator) by extension 'colcon_pkg'
[1.924s] Level 1:colcon.colcon_core.package_identification:_identify(tools/Wall_Follow_Simulator) by extensions ['colcon_meta']
[1.924s] Level 1:colcon.colcon_core.package_identification:_identify(tools/Wall_Follow_Simulator) by extension 'colcon_meta'
[1.925s] Level 1:colcon.colcon_core.package_identification:_identify(tools/Wall_Follow_Simulator) by extensions ['ros']
[1.925s] Level 1:colcon.colcon_core.package_identification:_identify(tools/Wall_Follow_Simulator) by extension 'ros'
[1.925s] Level 1:colcon.colcon_core.package_identification:_identify(tools/Wall_Follow_Simulator) by extensions ['cmake', 'python']
[1.925s] Level 1:colcon.colcon_core.package_identification:_identify(tools/Wall_Follow_Simulator) by extension 'cmake'
[1.925s] Level 1:colcon.colcon_core.package_identification:_identify(tools/Wall_Follow_Simulator) by extension 'python'
[1.925s] Level 1:colcon.colcon_core.package_identification:_identify(tools/Wall_Follow_Simulator) by extensions ['python_setup_py']
[1.925s] Level 1:colcon.colcon_core.package_identification:_identify(tools/Wall_Follow_Simulator) by extension 'python_setup_py'
[1.925s] Level 1:colcon.colcon_core.package_discovery:discover_packages(recursive) using defaults
[1.925s] Level 1:colcon.colcon_core.package_discovery:discover_packages(ignore) discover
[1.925s] Level 1:colcon.colcon_core.package_discovery:discover_packages(ignore) using defaults
[1.925s] Level 1:colcon.colcon_core.package_discovery:discover_packages(path) discover
[1.925s] Level 1:colcon.colcon_core.package_discovery:discover_packages(path) using defaults
[2.109s] Level 1:colcon.colcon_core.package_discovery:discover_packages(prefix_path) check parameters
[2.109s] Level 1:colcon.colcon_core.package_discovery:discover_packages(prefix_path) discover
[2.168s] DEBUG:colcon.colcon_installed_package_information.package_discovery:Found 9 installed packages in /home/maxcurkovic/cmds_ws/install
[2.196s] DEBUG:colcon.colcon_installed_package_information.package_discovery:Found 261 installed packages in /opt/ros/foxy
[2.197s] Level 1:colcon.colcon_core.package_discovery:discover_packages(prefix_path) using defaults
[2.310s] Level 5:colcon.colcon_core.verb:set package 'mail_delivery_robot' build argument 'cmake_args' from command line to 'None'
[2.310s] Level 5:colcon.colcon_core.verb:set package 'mail_delivery_robot' build argument 'cmake_target' from command line to 'None'
[2.310s] Level 5:colcon.colcon_core.verb:set package 'mail_delivery_robot' build argument 'cmake_target_skip_unavailable' from command line to 'False'
[2.310s] Level 5:colcon.colcon_core.verb:set package 'mail_delivery_robot' build argument 'cmake_clean_cache' from command line to 'False'
[2.310s] Level 5:colcon.colcon_core.verb:set package 'mail_delivery_robot' build argument 'cmake_clean_first' from command line to 'False'
[2.310s] Level 5:colcon.colcon_core.verb:set package 'mail_delivery_robot' build argument 'cmake_force_configure' from command line to 'False'
[2.310s] Level 5:colcon.colcon_core.verb:set package 'mail_delivery_robot' build argument 'ament_cmake_args' from command line to 'None'
[2.310s] Level 5:colcon.colcon_core.verb:set package 'mail_delivery_robot' build argument 'catkin_cmake_args' from command line to 'None'
[2.310s] Level 5:colcon.colcon_core.verb:set package 'mail_delivery_robot' build argument 'catkin_skip_building_tests' from command line to 'False'
[2.310s] DEBUG:colcon.colcon_core.verb:Building package 'mail_delivery_robot' with the following arguments: {'ament_cmake_args': None, 'build_base': '/home/maxcurkovic/cmds_ws/src/carleton-mail-delivery-robot/build/mail_delivery_robot', 'catkin_cmake_args': None, 'catkin_skip_building_tests': False, 'cmake_args': None, 'cmake_clean_cache': False, 'cmake_clean_first': False, 'cmake_force_configure': False, 'cmake_target': None, 'cmake_target_skip_unavailable': False, 'install_base': '/home/maxcurkovic/cmds_ws/src/carleton-mail-delivery-robot/install/mail_delivery_robot', 'merge_install': False, 'path': '/home/maxcurkovic/cmds_ws/src/carleton-mail-delivery-robot/mail_delivery_robot', 'symlink_install': False, 'test_result_base': None}
[2.338s] INFO:colcon.colcon_core.executor:Executing jobs using 'parallel' executor
[2.366s] DEBUG:colcon.colcon_parallel_executor.executor.parallel:run_until_complete
[2.366s] INFO:colcon.colcon_ros.task.ament_python.build:Building ROS package in '/home/maxcurkovic/cmds_ws/src/carleton-mail-delivery-robot/mail_delivery_robot' with build type 'ament_python'
[2.366s] Level 1:colcon.colcon_core.shell:create_environment_hook('mail_delivery_robot', 'ament_prefix_path')
[2.402s] INFO:colcon.colcon_core.plugin_system:Skipping extension 'colcon_core.shell.bat': Not used on non-Windows systems
[2.402s] INFO:colcon.colcon_core.shell:Creating environment hook '/home/maxcurkovic/cmds_ws/src/carleton-mail-delivery-robot/install/mail_delivery_robot/share/mail_delivery_robot/hook/ament_prefix_path.ps1'
[2.402s] INFO:colcon.colcon_core.shell:Creating environment descriptor '/home/maxcurkovic/cmds_ws/src/carleton-mail-delivery-robot/install/mail_delivery_robot/share/mail_delivery_robot/hook/ament_prefix_path.dsv'
[2.416s] INFO:colcon.colcon_core.shell:Creating environment hook '/home/maxcurkovic/cmds_ws/src/carleton-mail-delivery-robot/install/mail_delivery_robot/share/mail_delivery_robot/hook/ament_prefix_path.sh'
[2.461s] INFO:colcon.colcon_core.shell:Skip shell extension 'powershell' for command environment: Not usable outside of PowerShell
[2.461s] DEBUG:colcon.colcon_core.shell:Skip shell extension 'dsv' for command environment
[2.769s] INFO:colcon.colcon_core.task.python.build:Building Python package in '/home/maxcurkovic/cmds_ws/src/carleton-mail-delivery-robot/mail_delivery_robot'
[2.799s] INFO:colcon.colcon_core.shell:Skip shell extension 'powershell' for command environment: Not usable outside of PowerShell
[2.799s] DEBUG:colcon.colcon_core.shell:Skip shell extension 'dsv' for command environment
[3.300s] DEBUG:colcon.colcon_core.event_handler.log_command:Invoking command in '/home/maxcurkovic/cmds_ws/src/carleton-mail-delivery-robot/mail_delivery_robot': PYTHONPATH=/home/maxcurkovic/cmds_ws/src/carleton-mail-delivery-robot/build/mail_delivery_robot/prefix_override:/home/maxcurkovic/cmds_ws/src/carleton-mail-delivery-robot/install/mail_delivery_robot/lib/python3.8/site-packages:${PYTHONPATH} /usr/bin/python3 setup.py egg_info --egg-base ../build/mail_delivery_robot build --build-base /home/maxcurkovic/cmds_ws/src/carleton-mail-delivery-robot/build/mail_delivery_robot/build install --record /home/maxcurkovic/cmds_ws/src/carleton-mail-delivery-robot/build/mail_delivery_robot/install.log --single-version-externally-managed
[3.638s] DEBUG:colcon.colcon_core.event_handler.log_command:Invoked command in '/home/maxcurkovic/cmds_ws/src/carleton-mail-delivery-robot/mail_delivery_robot' returned '0': PYTHONPATH=/home/maxcurkovic/cmds_ws/src/carleton-mail-delivery-robot/build/mail_delivery_robot/prefix_override:/home/maxcurkovic/cmds_ws/src/carleton-mail-delivery-robot/install/mail_delivery_robot/lib/python3.8/site-packages:${PYTHONPATH} /usr/bin/python3 setup.py egg_info --egg-base ../build/mail_delivery_robot build --build-base /home/maxcurkovic/cmds_ws/src/carleton-mail-delivery-robot/build/mail_delivery_robot/build install --record /home/maxcurkovic/cmds_ws/src/carleton-mail-delivery-robot/build/mail_delivery_robot/install.log --single-version-externally-managed
[3.662s] Level 1:colcon.colcon_core.environment:checking '/home/maxcurkovic/cmds_ws/src/carleton-mail-delivery-robot/install/mail_delivery_robot' for CMake module files
[3.663s] Level 1:colcon.colcon_core.environment:checking '/home/maxcurkovic/cmds_ws/src/carleton-mail-delivery-robot/install/mail_delivery_robot' for CMake config files
[3.663s] Level 1:colcon.colcon_core.environment:checking '/home/maxcurkovic/cmds_ws/src/carleton-mail-delivery-robot/install/mail_delivery_robot/lib'
[3.663s] Level 1:colcon.colcon_core.environment:checking '/home/maxcurkovic/cmds_ws/src/carleton-mail-delivery-robot/install/mail_delivery_robot/bin'
[3.663s] Level 1:colcon.colcon_core.environment:checking '/home/maxcurkovic/cmds_ws/src/carleton-mail-delivery-robot/install/mail_delivery_robot/lib/pkgconfig/mail_delivery_robot.pc'
[3.664s] Level 1:colcon.colcon_core.environment:checking '/home/maxcurkovic/cmds_ws/src/carleton-mail-delivery-robot/install/mail_delivery_robot/lib/python3.8/site-packages'
[3.664s] Level 1:colcon.colcon_core.shell:create_environment_hook('mail_delivery_robot', 'pythonpath')
[3.692s] INFO:colcon.colcon_core.shell:Creating environment hook '/home/maxcurkovic/cmds_ws/src/carleton-mail-delivery-robot/install/mail_delivery_robot/share/mail_delivery_robot/hook/pythonpath.ps1'
[3.693s] INFO:colcon.colcon_core.shell:Creating environment descriptor '/home/maxcurkovic/cmds_ws/src/carleton-mail-delivery-robot/install/mail_delivery_robot/share/mail_delivery_robot/hook/pythonpath.dsv'
[3.693s] INFO:colcon.colcon_core.shell:Creating environment hook '/home/maxcurkovic/cmds_ws/src/carleton-mail-delivery-robot/install/mail_delivery_robot/share/mail_delivery_robot/hook/pythonpath.sh'
[3.693s] Level 1:colcon.colcon_core.environment:checking '/home/maxcurkovic/cmds_ws/src/carleton-mail-delivery-robot/install/mail_delivery_robot/bin'
[3.693s] Level 1:colcon.colcon_core.environment:create_environment_scripts_only(mail_delivery_robot)
[3.723s] INFO:colcon.colcon_core.shell:Creating package script '/home/maxcurkovic/cmds_ws/src/carleton-mail-delivery-robot/install/mail_delivery_robot/share/mail_delivery_robot/package.ps1'
[3.724s] INFO:colcon.colcon_core.shell:Creating package descriptor '/home/maxcurkovic/cmds_ws/src/carleton-mail-delivery-robot/install/mail_delivery_robot/share/mail_delivery_robot/package.dsv'
[3.724s] INFO:colcon.colcon_core.shell:Creating package script '/home/maxcurkovic/cmds_ws/src/carleton-mail-delivery-robot/install/mail_delivery_robot/share/mail_delivery_robot/package.sh'
[3.724s] INFO:colcon.colcon_core.shell:Creating package script '/home/maxcurkovic/cmds_ws/src/carleton-mail-delivery-robot/install/mail_delivery_robot/share/mail_delivery_robot/package.bash'
[3.725s] INFO:colcon.colcon_core.shell:Creating package script '/home/maxcurkovic/cmds_ws/src/carleton-mail-delivery-robot/install/mail_delivery_robot/share/mail_delivery_robot/package.zsh'
[3.725s] Level 1:colcon.colcon_core.environment:create_file_with_runtime_dependencies(/home/maxcurkovic/cmds_ws/src/carleton-mail-delivery-robot/install/mail_delivery_robot/share/colcon-core/packages/mail_delivery_robot)
[3.726s] DEBUG:colcon.colcon_parallel_executor.executor.parallel:closing loop
[3.726s] DEBUG:colcon.colcon_parallel_executor.executor.parallel:loop closed
[3.726s] DEBUG:colcon.colcon_parallel_executor.executor.parallel:run_until_complete finished with '0'
[3.726s] DEBUG:colcon.colcon_core.event_reactor:joining thread
[3.780s] INFO:colcon.colcon_core.plugin_system:Skipping extension 'colcon_notification.desktop_notification.terminal_notifier': Not used on non-Darwin systems
[3.781s] INFO:colcon.colcon_core.plugin_system:Skipping extension 'colcon_notification.desktop_notification.win32': Not used on non-Windows systems
[3.781s] INFO:colcon.colcon_notification.desktop_notification:Sending desktop notification using 'notify2'
[3.785s] DEBUG:colcon.colcon_notification.desktop_notification.notify2:Failed to initialize notify2: org.freedesktop.DBus.Error.ServiceUnknown: The name org.freedesktop.Notifications was not provided by any .service files
[3.786s] DEBUG:colcon.colcon_core.event_reactor:joined thread
[3.816s] INFO:colcon.colcon_core.shell:Creating prefix script '/home/maxcurkovic/cmds_ws/src/carleton-mail-delivery-robot/install/local_setup.ps1'
[3.817s] INFO:colcon.colcon_core.shell:Creating prefix util module '/home/maxcurkovic/cmds_ws/src/carleton-mail-delivery-robot/install/_local_setup_util_ps1.py'
[3.818s] INFO:colcon.colcon_core.shell:Creating prefix chain script '/home/maxcurkovic/cmds_ws/src/carleton-mail-delivery-robot/install/setup.ps1'
[3.852s] INFO:colcon.colcon_core.shell:Creating prefix script '/home/maxcurkovic/cmds_ws/src/carleton-mail-delivery-robot/install/local_setup.sh'
[3.853s] INFO:colcon.colcon_core.shell:Creating prefix util module '/home/maxcurkovic/cmds_ws/src/carleton-mail-delivery-robot/install/_local_setup_util_sh.py'
[3.853s] INFO:colcon.colcon_core.shell:Creating prefix chain script '/home/maxcurkovic/cmds_ws/src/carleton-mail-delivery-robot/install/setup.sh'
[3.882s] INFO:colcon.colcon_core.shell:Creating prefix script '/home/maxcurkovic/cmds_ws/src/carleton-mail-delivery-robot/install/local_setup.bash'
[3.882s] INFO:colcon.colcon_core.shell:Creating prefix chain script '/home/maxcurkovic/cmds_ws/src/carleton-mail-delivery-robot/install/setup.bash'
[3.914s] INFO:colcon.colcon_core.shell:Creating prefix script '/home/maxcurkovic/cmds_ws/src/carleton-mail-delivery-robot/install/local_setup.zsh'
[3.914s] INFO:colcon.colcon_core.shell:Creating prefix chain script '/home/maxcurkovic/cmds_ws/src/carleton-mail-delivery-robot/install/setup.zsh'
